This file contains any messages produced by compilers while
running configure, to aid debugging if configure makes a mistake.

It was created by cuteGUI configure v1.1.0, which was
generated by GNU Autoconf 2.68.  Invocation command line was

  $ ./configure 

## --------- ##
## Platform. ##
## --------- ##

hostname = localhost.localdomain
uname -m = x86_64
uname -r = 3.10.0-862.el7.x86_64
uname -s = Linux
uname -v = #1 SMP Fri Apr 20 16:44:24 UTC 2018

/usr/bin/uname -p = x86_64
/bin/uname -X     = unknown

/bin/arch              = x86_64
/usr/bin/arch -k       = unknown
/usr/convex/getsysinfo = unknown
/usr/bin/hostinfo      = unknown
/bin/machine           = unknown
/usr/bin/oslevel       = unknown
/bin/universe          = unknown

PATH: /usr/local/sbin
PATH: /usr/local/bin
PATH: /usr/sbin
PATH: /usr/bin
PATH: /opt/openocd/share/openocd/scripts
PATH: /usr/local/gcc-arm-none-eabi/bin
PATH: /opt/openocd/bin
PATH: /opt/buildroot-gcc463/usr/bin
PATH: /root/bin


## ----------- ##
## Core tests. ##
## ----------- ##

configure:1820: checking for a BSD-compatible install
configure:1888: result: /usr/bin/install -c
configure:1899: checking whether build environment is sane
configure:1954: result: yes
configure:2105: checking for a thread-safe mkdir -p
configure:2144: result: /usr/bin/mkdir -p
configure:2151: checking for gawk
configure:2167: found /usr/bin/gawk
configure:2178: result: gawk
configure:2189: checking whether make sets $(MAKE)
configure:2211: result: yes
configure:2240: checking whether make supports nested variables
configure:2257: result: yes
configure:2432: checking for gcc
configure:2448: found /usr/bin/gcc
configure:2459: result: gcc
configure:2688: checking for C compiler version
configure:2697: gcc --version >&5
gcc (GCC) 4.8.5 20150623 (Red Hat 4.8.5-28)
Copyright (C) 2015 Free Software Foundation, Inc.
This is free software; see the source for copying conditions.  There is NO
warranty; not even for MERCHANTABILITY or FITNESS FOR A PARTICULAR PURPOSE.

configure:2708: $? = 0
configure:2697: gcc -v >&5
Using built-in specs.
COLLECT_GCC=gcc
COLLECT_LTO_WRAPPER=/usr/libexec/gcc/x86_64-redhat-linux/4.8.5/lto-wrapper
Target: x86_64-redhat-linux
Configured with: ../configure --prefix=/usr --mandir=/usr/share/man --infodir=/usr/share/info --with-bugurl=http://bugzilla.redhat.com/bugzilla --enable-bootstrap --enable-shared --enable-threads=posix --enable-checking=release --with-system-zlib --enable-__cxa_atexit --disable-libunwind-exceptions --enable-gnu-unique-object --enable-linker-build-id --with-linker-hash-style=gnu --enable-languages=c,c++,objc,obj-c++,java,fortran,ada,go,lto --enable-plugin --enable-initfini-array --disable-libgcj --with-isl=/builddir/build/BUILD/gcc-4.8.5-20150702/obj-x86_64-redhat-linux/isl-install --with-cloog=/builddir/build/BUILD/gcc-4.8.5-20150702/obj-x86_64-redhat-linux/cloog-install --enable-gnu-indirect-function --with-tune=generic --with-arch_32=x86-64 --build=x86_64-redhat-linux
Thread model: posix
gcc version 4.8.5 20150623 (Red Hat 4.8.5-28) (GCC) 
configure:2708: $? = 0
configure:2697: gcc -V >&5
gcc: error: unrecognized command line option '-V'
gcc: fatal error: no input files
compilation terminated.
configure:2708: $? = 4
configure:2697: gcc -qversion >&5
gcc: error: unrecognized command line option '-qversion'
gcc: fatal error: no input files
compilation terminated.
configure:2708: $? = 4
configure:2728: checking whether the C compiler works
configure:2750: gcc    conftest.c  >&5
configure:2754: $? = 0
configure:2802: result: yes
configure:2805: checking for C compiler default output file name
configure:2807: result: a.out
configure:2813: checking for suffix of executables
configure:2820: gcc -o conftest    conftest.c  >&5
configure:2824: $? = 0
configure:2846: result: 
configure:2868: checking whether we are cross compiling
configure:2876: gcc -o conftest    conftest.c  >&5
configure:2880: $? = 0
configure:2887: ./conftest
configure:2891: $? = 0
configure:2906: result: no
configure:2911: checking for suffix of object files
configure:2933: gcc -c   conftest.c >&5
configure:2937: $? = 0
configure:2958: result: o
configure:2962: checking whether we are using the GNU C compiler
configure:2981: gcc -c   conftest.c >&5
configure:2981: $? = 0
configure:2990: result: yes
configure:2999: checking whether gcc accepts -g
configure:3019: gcc -c -g  conftest.c >&5
configure:3019: $? = 0
configure:3060: result: yes
configure:3077: checking for gcc option to accept ISO C89
configure:3141: gcc  -c -g -O2  conftest.c >&5
configure:3141: $? = 0
configure:3154: result: none needed
configure:3179: checking whether gcc understands -c and -o together
configure:3201: gcc -c conftest.c -o conftest2.o
configure:3204: $? = 0
configure:3201: gcc -c conftest.c -o conftest2.o
configure:3204: $? = 0
configure:3216: result: yes
configure:3236: checking whether make supports the include directive
configure:3251: make -f confmf.GNU && cat confinc.out
this is the am__doit target
configure:3254: $? = 0
configure:3273: result: yes (GNU style)
configure:3298: checking dependency style of gcc
configure:3409: result: gcc3
configure:3467: checking for ranlib
configure:3483: found /usr/bin/ranlib
configure:3494: result: ranlib
configure:3636: checking that generated files are newer than configure
configure:3642: result: done
configure:3665: creating ./config.status

## ---------------------- ##
## Running config.status. ##
## ---------------------- ##

This file was extended by cuteGUI config.status v1.1.0, which was
generated by GNU Autoconf 2.68.  Invocation command line was

  CONFIG_FILES    = 
  CONFIG_HEADERS  = 
  CONFIG_LINKS    = 
  CONFIG_COMMANDS = 
  $ ./config.status 

on localhost.localdomain

config.status:853: creating Makefile
config.status:853: creating src/Makefile
config.status:853: creating config.h
config.status:1082: executing depfiles commands
config.status:1159: cd .       && sed -e '/# am--include-marker/d' Makefile         | make -f - am--depfiles
config.status:1164: $? = 0
config.status:1159: cd src       && sed -e '/# am--include-marker/d' Makefile         | make -f - am--depfiles
config.status:1164: $? = 0

## ---------------- ##
## Cache variables. ##
## ---------------- ##

ac_cv_c_compiler_gnu=yes
ac_cv_env_CC_set=
ac_cv_env_CC_value=
ac_cv_env_CFLAGS_set=
ac_cv_env_CFLAGS_value=
ac_cv_env_CPPFLAGS_set=
ac_cv_env_CPPFLAGS_value=
ac_cv_env_LDFLAGS_set=
ac_cv_env_LDFLAGS_value=
ac_cv_env_LIBS_set=
ac_cv_env_LIBS_value=
ac_cv_env_build_alias_set=
ac_cv_env_build_alias_value=
ac_cv_env_host_alias_set=
ac_cv_env_host_alias_value=
ac_cv_env_target_alias_set=
ac_cv_env_target_alias_value=
ac_cv_objext=o
ac_cv_path_install='/usr/bin/install -c'
ac_cv_path_mkdir=/usr/bin/mkdir
ac_cv_prog_AWK=gawk
ac_cv_prog_ac_ct_CC=gcc
ac_cv_prog_ac_ct_RANLIB=ranlib
ac_cv_prog_cc_c89=
ac_cv_prog_cc_g=yes
ac_cv_prog_make_make_set=yes
am_cv_CC_dependencies_compiler_type=gcc3
am_cv_make_support_nested_variables=yes
am_cv_prog_cc_c_o=yes

## ----------------- ##
## Output variables. ##
## ----------------- ##

ACLOCAL='${SHELL} /home/wangkai/project/tinyGUI/Sample/demo_linux/missing aclocal-1.16'
AMDEPBACKSLASH='\'
AMDEP_FALSE='#'
AMDEP_TRUE=''
AMTAR='$${TAR-tar}'
AM_BACKSLASH='\'
AM_DEFAULT_V='$(AM_DEFAULT_VERBOSITY)'
AM_DEFAULT_VERBOSITY='1'
AM_V='$(V)'
AUTOCONF='${SHELL} /home/wangkai/project/tinyGUI/Sample/demo_linux/missing autoconf'
AUTOHEADER='${SHELL} /home/wangkai/project/tinyGUI/Sample/demo_linux/missing autoheader'
AUTOMAKE='${SHELL} /home/wangkai/project/tinyGUI/Sample/demo_linux/missing automake-1.16'
AWK='gawk'
CC='gcc'
CCDEPMODE='depmode=gcc3'
CFLAGS='-g -O2'
CPPFLAGS=''
CYGPATH_W='echo'
DEFS='-DHAVE_CONFIG_H'
DEPDIR='.deps'
ECHO_C=''
ECHO_N='-n'
ECHO_T=''
EXEEXT=''
INSTALL_DATA='${INSTALL} -m 644'
INSTALL_PROGRAM='${INSTALL}'
INSTALL_SCRIPT='${INSTALL}'
INSTALL_STRIP_PROGRAM='$(install_sh) -c -s'
LDFLAGS=''
LIBOBJS=''
LIBS=''
LTLIBOBJS=''
MAKEINFO='${SHELL} /home/wangkai/project/tinyGUI/Sample/demo_linux/missing makeinfo'
MKDIR_P='/usr/bin/mkdir -p'
OBJEXT='o'
PACKAGE='cutegui'
PACKAGE_BUGREPORT='18898365@qq.com'
PACKAGE_NAME='cuteGUI'
PACKAGE_STRING='cuteGUI v1.1.0'
PACKAGE_TARNAME='cutegui'
PACKAGE_URL=''
PACKAGE_VERSION='v1.1.0'
PATH_SEPARATOR=':'
RANLIB='ranlib'
SET_MAKE=''
SHELL='/bin/sh'
STRIP=''
VERSION='v1.1.0'
ac_ct_CC='gcc'
am__EXEEXT_FALSE=''
am__EXEEXT_TRUE='#'
am__fastdepCC_FALSE='#'
am__fastdepCC_TRUE=''
am__include='include'
am__isrc=''
am__leading_dot='.'
am__nodep='_no'
am__quote=''
am__tar='$${TAR-tar} chof - "$$tardir"'
am__untar='$${TAR-tar} xf -'
bindir='${exec_prefix}/bin'
build_alias=''
datadir='${datarootdir}'
datarootdir='${prefix}/share'
docdir='${datarootdir}/doc/${PACKAGE_TARNAME}'
dvidir='${docdir}'
exec_prefix='${prefix}'
host_alias=''
htmldir='${docdir}'
includedir='${prefix}/include'
infodir='${datarootdir}/info'
install_sh='${SHELL} /home/wangkai/project/tinyGUI/Sample/demo_linux/install-sh'
libdir='${exec_prefix}/lib'
libexecdir='${exec_prefix}/libexec'
localedir='${datarootdir}/locale'
localstatedir='${prefix}/var'
mandir='${datarootdir}/man'
mkdir_p='$(MKDIR_P)'
oldincludedir='/usr/include'
pdfdir='${docdir}'
prefix='/usr/local'
program_transform_name='s,x,x,'
psdir='${docdir}'
sbindir='${exec_prefix}/sbin'
sharedstatedir='${prefix}/com'
sysconfdir='${prefix}/etc'
target_alias=''

## ----------- ##
## confdefs.h. ##
## ----------- ##

/* confdefs.h */
#define PACKAGE_NAME "cuteGUI"
#define PACKAGE_TARNAME "cutegui"
#define PACKAGE_VERSION "v1.1.0"
#define PACKAGE_STRING "cuteGUI v1.1.0"
#define PACKAGE_BUGREPORT "18898365@qq.com"
#define PACKAGE_URL ""
#define PACKAGE "cutegui"
#define VERSION "v1.1.0"

configure: exit 0
